INFO - 2023-09-16 16:17:47 --> Session: Class initialized using 'CodeIgniter\Session\Handlers\FileHandler' driver.
INFO - 2023-09-16 16:17:48 --> Session: Class initialized using 'CodeIgniter\Session\Handlers\FileHandler' driver.
INFO - 2023-09-16 16:17:50 --> Session: Class initialized using 'CodeIgniter\Session\Handlers\FileHandler' driver.
INFO - 2023-09-16 16:17:51 --> Session: Class initialized using 'CodeIgniter\Session\Handlers\FileHandler' driver.
INFO - 2023-09-16 16:28:19 --> Session: Class initialized using 'CodeIgniter\Session\Handlers\FileHandler' driver.
INFO - 2023-09-16 16:28:21 --> Session: Class initialized using 'CodeIgniter\Session\Handlers\FileHandler' driver.
CRITICAL - 2023-09-16 16:28:21 --> Invalid file: "kas-masjid/v_rekap_kas_sosial.php"
in SYSTEMPATH\Exceptions\FrameworkException.php on line 39.
 1 SYSTEMPATH\View\View.php(214): CodeIgniter\Exceptions\FrameworkException::forInvalidFile('kas-masjid/v_rekap_kas_sosial.php')
 2 SYSTEMPATH\Common.php(1188): CodeIgniter\View\View->render('kas-masjid/v_rekap_kas_sosial', [], true)
 3 APPPATH\Views\v_template_admin.php(270): view('kas-masjid/v_rekap_kas_sosial')
 4 SYSTEMPATH\View\View.php(226): include('C:\\xampp\\htdocs\\simasjid-ci4\\app\\Views\\v_template_admin.php')
 5 SYSTEMPATH\View\View.php(229): CodeIgniter\View\View->CodeIgniter\View\{closure}()
 6 SYSTEMPATH\Common.php(1188): CodeIgniter\View\View->render('v_template_admin', [], true)
 7 APPPATH\Controllers\KasSosial.php(26): view('v_template_admin', [...])
 8 SYSTEMPATH\CodeIgniter.php(919): App\Controllers\KasSosial->index()
 9 SYSTEMPATH\CodeIgniter.php(494): CodeIgniter\CodeIgniter->runController(Object(App\Controllers\KasSosial))
10 SYSTEMPATH\CodeIgniter.php(353): CodeIgniter\CodeIgniter->handleRequest(null, Object(Config\Cache), false)
11 FCPATH\index.php(79): CodeIgniter\CodeIgniter->run()
INFO - 2023-09-16 16:29:20 --> Session: Class initialized using 'CodeIgniter\Session\Handlers\FileHandler' driver.
INFO - 2023-09-16 16:30:31 --> Session: Class initialized using 'CodeIgniter\Session\Handlers\FileHandler' driver.
INFO - 2023-09-16 16:32:55 --> Session: Class initialized using 'CodeIgniter\Session\Handlers\FileHandler' driver.
INFO - 2023-09-16 16:32:58 --> Session: Class initialized using 'CodeIgniter\Session\Handlers\FileHandler' driver.
CRITICAL - 2023-09-16 16:32:58 --> Undefined array key "id_kas_masjid"
in APPPATH\Views\kas-sosial\v_kas_sosial_masuk.php on line 66.
 1 APPPATH\Views\kas-sosial\v_kas_sosial_masuk.php(66): CodeIgniter\Debug\Exceptions->errorHandler(2, 'Undefined array key "id_kas_masjid"', 'C:\\xampp\\htdocs\\simasjid-ci4\\app\\Views\\kas-sosial\\v_kas_sosial_masuk.php', 66)
 2 SYSTEMPATH\View\View.php(226): include('C:\\xampp\\htdocs\\simasjid-ci4\\app\\Views\\kas-sosial\\v_kas_sosial_masuk.php')
 3 SYSTEMPATH\View\View.php(229): CodeIgniter\View\View->CodeIgniter\View\{closure}()
 4 SYSTEMPATH\Common.php(1188): CodeIgniter\View\View->render('kas-sosial/v_kas_sosial_masuk', [], true)
 5 APPPATH\Views\v_template_admin.php(270): view('kas-sosial/v_kas_sosial_masuk')
 6 SYSTEMPATH\View\View.php(226): include('C:\\xampp\\htdocs\\simasjid-ci4\\app\\Views\\v_template_admin.php')
 7 SYSTEMPATH\View\View.php(229): CodeIgniter\View\View->CodeIgniter\View\{closure}()
 8 SYSTEMPATH\Common.php(1188): CodeIgniter\View\View->render('v_template_admin', [], true)
 9 APPPATH\Controllers\KasSosial.php(40): view('v_template_admin', [...])
10 SYSTEMPATH\CodeIgniter.php(919): App\Controllers\KasSosial->KasMasuk()
11 SYSTEMPATH\CodeIgniter.php(494): CodeIgniter\CodeIgniter->runController(Object(App\Controllers\KasSosial))
12 SYSTEMPATH\CodeIgniter.php(353): CodeIgniter\CodeIgniter->handleRequest(null, Object(Config\Cache), false)
13 FCPATH\index.php(79): CodeIgniter\CodeIgniter->run()
INFO - 2023-09-16 16:33:05 --> Session: Class initialized using 'CodeIgniter\Session\Handlers\FileHandler' driver.
INFO - 2023-09-16 16:33:08 --> Session: Class initialized using 'CodeIgniter\Session\Handlers\FileHandler' driver.
CRITICAL - 2023-09-16 16:33:08 --> Undefined array key "id_kas_masjid"
in APPPATH\Views\kas-sosial\v_kas_sosial_masuk.php on line 66.
 1 APPPATH\Views\kas-sosial\v_kas_sosial_masuk.php(66): CodeIgniter\Debug\Exceptions->errorHandler(2, 'Undefined array key "id_kas_masjid"', 'C:\\xampp\\htdocs\\simasjid-ci4\\app\\Views\\kas-sosial\\v_kas_sosial_masuk.php', 66)
 2 SYSTEMPATH\View\View.php(226): include('C:\\xampp\\htdocs\\simasjid-ci4\\app\\Views\\kas-sosial\\v_kas_sosial_masuk.php')
 3 SYSTEMPATH\View\View.php(229): CodeIgniter\View\View->CodeIgniter\View\{closure}()
 4 SYSTEMPATH\Common.php(1188): CodeIgniter\View\View->render('kas-sosial/v_kas_sosial_masuk', [], true)
 5 APPPATH\Views\v_template_admin.php(270): view('kas-sosial/v_kas_sosial_masuk')
 6 SYSTEMPATH\View\View.php(226): include('C:\\xampp\\htdocs\\simasjid-ci4\\app\\Views\\v_template_admin.php')
 7 SYSTEMPATH\View\View.php(229): CodeIgniter\View\View->CodeIgniter\View\{closure}()
 8 SYSTEMPATH\Common.php(1188): CodeIgniter\View\View->render('v_template_admin', [], true)
 9 APPPATH\Controllers\KasSosial.php(40): view('v_template_admin', [...])
10 SYSTEMPATH\CodeIgniter.php(919): App\Controllers\KasSosial->KasMasuk()
11 SYSTEMPATH\CodeIgniter.php(494): CodeIgniter\CodeIgniter->runController(Object(App\Controllers\KasSosial))
12 SYSTEMPATH\CodeIgniter.php(353): CodeIgniter\CodeIgniter->handleRequest(null, Object(Config\Cache), false)
13 FCPATH\index.php(79): CodeIgniter\CodeIgniter->run()
INFO - 2023-09-16 16:34:28 --> Session: Class initialized using 'CodeIgniter\Session\Handlers\FileHandler' driver.
CRITICAL - 2023-09-16 16:34:29 --> Undefined array key "id_kas_masjid"
in APPPATH\Views\kas-sosial\v_kas_sosial_masuk.php on line 66.
 1 APPPATH\Views\kas-sosial\v_kas_sosial_masuk.php(66): CodeIgniter\Debug\Exceptions->errorHandler(2, 'Undefined array key "id_kas_masjid"', 'C:\\xampp\\htdocs\\simasjid-ci4\\app\\Views\\kas-sosial\\v_kas_sosial_masuk.php', 66)
 2 SYSTEMPATH\View\View.php(226): include('C:\\xampp\\htdocs\\simasjid-ci4\\app\\Views\\kas-sosial\\v_kas_sosial_masuk.php')
 3 SYSTEMPATH\View\View.php(229): CodeIgniter\View\View->CodeIgniter\View\{closure}()
 4 SYSTEMPATH\Common.php(1188): CodeIgniter\View\View->render('kas-sosial/v_kas_sosial_masuk', [], true)
 5 APPPATH\Views\v_template_admin.php(270): view('kas-sosial/v_kas_sosial_masuk')
 6 SYSTEMPATH\View\View.php(226): include('C:\\xampp\\htdocs\\simasjid-ci4\\app\\Views\\v_template_admin.php')
 7 SYSTEMPATH\View\View.php(229): CodeIgniter\View\View->CodeIgniter\View\{closure}()
 8 SYSTEMPATH\Common.php(1188): CodeIgniter\View\View->render('v_template_admin', [], true)
 9 APPPATH\Controllers\KasSosial.php(40): view('v_template_admin', [...])
10 SYSTEMPATH\CodeIgniter.php(919): App\Controllers\KasSosial->KasMasuk()
11 SYSTEMPATH\CodeIgniter.php(494): CodeIgniter\CodeIgniter->runController(Object(App\Controllers\KasSosial))
12 SYSTEMPATH\CodeIgniter.php(353): CodeIgniter\CodeIgniter->handleRequest(null, Object(Config\Cache), false)
13 FCPATH\index.php(79): CodeIgniter\CodeIgniter->run()
INFO - 2023-09-16 16:34:32 --> Session: Class initialized using 'CodeIgniter\Session\Handlers\FileHandler' driver.
CRITICAL - 2023-09-16 16:34:32 --> Undefined array key "id_kas_masjid"
in APPPATH\Views\kas-sosial\v_kas_sosial_masuk.php on line 66.
 1 APPPATH\Views\kas-sosial\v_kas_sosial_masuk.php(66): CodeIgniter\Debug\Exceptions->errorHandler(2, 'Undefined array key "id_kas_masjid"', 'C:\\xampp\\htdocs\\simasjid-ci4\\app\\Views\\kas-sosial\\v_kas_sosial_masuk.php', 66)
 2 SYSTEMPATH\View\View.php(226): include('C:\\xampp\\htdocs\\simasjid-ci4\\app\\Views\\kas-sosial\\v_kas_sosial_masuk.php')
 3 SYSTEMPATH\View\View.php(229): CodeIgniter\View\View->CodeIgniter\View\{closure}()
 4 SYSTEMPATH\Common.php(1188): CodeIgniter\View\View->render('kas-sosial/v_kas_sosial_masuk', [], true)
 5 APPPATH\Views\v_template_admin.php(270): view('kas-sosial/v_kas_sosial_masuk')
 6 SYSTEMPATH\View\View.php(226): include('C:\\xampp\\htdocs\\simasjid-ci4\\app\\Views\\v_template_admin.php')
 7 SYSTEMPATH\View\View.php(229): CodeIgniter\View\View->CodeIgniter\View\{closure}()
 8 SYSTEMPATH\Common.php(1188): CodeIgniter\View\View->render('v_template_admin', [], true)
 9 APPPATH\Controllers\KasSosial.php(40): view('v_template_admin', [...])
10 SYSTEMPATH\CodeIgniter.php(919): App\Controllers\KasSosial->KasMasuk()
11 SYSTEMPATH\CodeIgniter.php(494): CodeIgniter\CodeIgniter->runController(Object(App\Controllers\KasSosial))
12 SYSTEMPATH\CodeIgniter.php(353): CodeIgniter\CodeIgniter->handleRequest(null, Object(Config\Cache), false)
13 FCPATH\index.php(79): CodeIgniter\CodeIgniter->run()
INFO - 2023-09-16 16:34:34 --> Session: Class initialized using 'CodeIgniter\Session\Handlers\FileHandler' driver.
CRITICAL - 2023-09-16 16:34:34 --> Undefined array key "id_kas_masjid"
in APPPATH\Views\kas-sosial\v_kas_sosial_masuk.php on line 66.
 1 APPPATH\Views\kas-sosial\v_kas_sosial_masuk.php(66): CodeIgniter\Debug\Exceptions->errorHandler(2, 'Undefined array key "id_kas_masjid"', 'C:\\xampp\\htdocs\\simasjid-ci4\\app\\Views\\kas-sosial\\v_kas_sosial_masuk.php', 66)
 2 SYSTEMPATH\View\View.php(226): include('C:\\xampp\\htdocs\\simasjid-ci4\\app\\Views\\kas-sosial\\v_kas_sosial_masuk.php')
 3 SYSTEMPATH\View\View.php(229): CodeIgniter\View\View->CodeIgniter\View\{closure}()
 4 SYSTEMPATH\Common.php(1188): CodeIgniter\View\View->render('kas-sosial/v_kas_sosial_masuk', [], true)
 5 APPPATH\Views\v_template_admin.php(270): view('kas-sosial/v_kas_sosial_masuk')
 6 SYSTEMPATH\View\View.php(226): include('C:\\xampp\\htdocs\\simasjid-ci4\\app\\Views\\v_template_admin.php')
 7 SYSTEMPATH\View\View.php(229): CodeIgniter\View\View->CodeIgniter\View\{closure}()
 8 SYSTEMPATH\Common.php(1188): CodeIgniter\View\View->render('v_template_admin', [], true)
 9 APPPATH\Controllers\KasSosial.php(40): view('v_template_admin', [...])
10 SYSTEMPATH\CodeIgniter.php(919): App\Controllers\KasSosial->KasMasuk()
11 SYSTEMPATH\CodeIgniter.php(494): CodeIgniter\CodeIgniter->runController(Object(App\Controllers\KasSosial))
12 SYSTEMPATH\CodeIgniter.php(353): CodeIgniter\CodeIgniter->handleRequest(null, Object(Config\Cache), false)
13 FCPATH\index.php(79): CodeIgniter\CodeIgniter->run()
INFO - 2023-09-16 16:35:05 --> Session: Class initialized using 'CodeIgniter\Session\Handlers\FileHandler' driver.
INFO - 2023-09-16 16:35:07 --> Session: Class initialized using 'CodeIgniter\Session\Handlers\FileHandler' driver.
INFO - 2023-09-16 16:35:09 --> Session: Class initialized using 'CodeIgniter\Session\Handlers\FileHandler' driver.
INFO - 2023-09-16 16:35:12 --> Session: Class initialized using 'CodeIgniter\Session\Handlers\FileHandler' driver.
INFO - 2023-09-16 16:35:15 --> Session: Class initialized using 'CodeIgniter\Session\Handlers\FileHandler' driver.
INFO - 2023-09-16 16:37:37 --> Session: Class initialized using 'CodeIgniter\Session\Handlers\FileHandler' driver.
INFO - 2023-09-16 16:40:29 --> Session: Class initialized using 'CodeIgniter\Session\Handlers\FileHandler' driver.
INFO - 2023-09-16 16:40:31 --> Session: Class initialized using 'CodeIgniter\Session\Handlers\FileHandler' driver.
CRITICAL - 2023-09-16 16:40:31 --> Invalid file: "kas-sosial/v_kas_masjid_keluar.php"
in SYSTEMPATH\Exceptions\FrameworkException.php on line 39.
 1 SYSTEMPATH\View\View.php(214): CodeIgniter\Exceptions\FrameworkException::forInvalidFile('kas-sosial/v_kas_masjid_keluar.php')
 2 SYSTEMPATH\Common.php(1188): CodeIgniter\View\View->render('kas-sosial/v_kas_masjid_keluar', [], true)
 3 APPPATH\Views\v_template_admin.php(270): view('kas-sosial/v_kas_masjid_keluar')
 4 SYSTEMPATH\View\View.php(226): include('C:\\xampp\\htdocs\\simasjid-ci4\\app\\Views\\v_template_admin.php')
 5 SYSTEMPATH\View\View.php(229): CodeIgniter\View\View->CodeIgniter\View\{closure}()
 6 SYSTEMPATH\Common.php(1188): CodeIgniter\View\View->render('v_template_admin', [], true)
 7 APPPATH\Controllers\KasSosial.php(54): view('v_template_admin', [...])
 8 SYSTEMPATH\CodeIgniter.php(919): App\Controllers\KasSosial->KasKeluar()
 9 SYSTEMPATH\CodeIgniter.php(494): CodeIgniter\CodeIgniter->runController(Object(App\Controllers\KasSosial))
10 SYSTEMPATH\CodeIgniter.php(353): CodeIgniter\CodeIgniter->handleRequest(null, Object(Config\Cache), false)
11 FCPATH\index.php(79): CodeIgniter\CodeIgniter->run()
INFO - 2023-09-16 16:40:31 --> Session: Class initialized using 'CodeIgniter\Session\Handlers\FileHandler' driver.
CRITICAL - 2023-09-16 16:40:31 --> Invalid file: "kas-sosial/v_kas_masjid_keluar.php"
in SYSTEMPATH\Exceptions\FrameworkException.php on line 39.
 1 SYSTEMPATH\View\View.php(214): CodeIgniter\Exceptions\FrameworkException::forInvalidFile('kas-sosial/v_kas_masjid_keluar.php')
 2 SYSTEMPATH\Common.php(1188): CodeIgniter\View\View->render('kas-sosial/v_kas_masjid_keluar', [], true)
 3 APPPATH\Views\v_template_admin.php(270): view('kas-sosial/v_kas_masjid_keluar')
 4 SYSTEMPATH\View\View.php(226): include('C:\\xampp\\htdocs\\simasjid-ci4\\app\\Views\\v_template_admin.php')
 5 SYSTEMPATH\View\View.php(229): CodeIgniter\View\View->CodeIgniter\View\{closure}()
 6 SYSTEMPATH\Common.php(1188): CodeIgniter\View\View->render('v_template_admin', [], true)
 7 APPPATH\Controllers\KasSosial.php(54): view('v_template_admin', [...])
 8 SYSTEMPATH\CodeIgniter.php(919): App\Controllers\KasSosial->KasKeluar()
 9 SYSTEMPATH\CodeIgniter.php(494): CodeIgniter\CodeIgniter->runController(Object(App\Controllers\KasSosial))
10 SYSTEMPATH\CodeIgniter.php(353): CodeIgniter\CodeIgniter->handleRequest(null, Object(Config\Cache), false)
11 FCPATH\index.php(79): CodeIgniter\CodeIgniter->run()
INFO - 2023-09-16 16:41:10 --> Session: Class initialized using 'CodeIgniter\Session\Handlers\FileHandler' driver.
CRITICAL - 2023-09-16 16:41:10 --> Undefined variable $pengeluaran
in APPPATH\Views\kas-sosial\v_kas_sosial_keluar.php on line 11.
 1 APPPATH\Views\kas-sosial\v_kas_sosial_keluar.php(11): CodeIgniter\Debug\Exceptions->errorHandler(2, 'Undefined variable $pengeluaran', 'C:\\xampp\\htdocs\\simasjid-ci4\\app\\Views\\kas-sosial\\v_kas_sosial_keluar.php', 11)
 2 SYSTEMPATH\View\View.php(226): include('C:\\xampp\\htdocs\\simasjid-ci4\\app\\Views\\kas-sosial\\v_kas_sosial_keluar.php')
 3 SYSTEMPATH\View\View.php(229): CodeIgniter\View\View->CodeIgniter\View\{closure}()
 4 SYSTEMPATH\Common.php(1188): CodeIgniter\View\View->render('kas-sosial/v_kas_sosial_keluar', [], true)
 5 APPPATH\Views\v_template_admin.php(270): view('kas-sosial/v_kas_sosial_keluar')
 6 SYSTEMPATH\View\View.php(226): include('C:\\xampp\\htdocs\\simasjid-ci4\\app\\Views\\v_template_admin.php')
 7 SYSTEMPATH\View\View.php(229): CodeIgniter\View\View->CodeIgniter\View\{closure}()
 8 SYSTEMPATH\Common.php(1188): CodeIgniter\View\View->render('v_template_admin', [], true)
 9 APPPATH\Controllers\KasSosial.php(54): view('v_template_admin', [...])
10 SYSTEMPATH\CodeIgniter.php(919): App\Controllers\KasSosial->KasKeluar()
11 SYSTEMPATH\CodeIgniter.php(494): CodeIgniter\CodeIgniter->runController(Object(App\Controllers\KasSosial))
12 SYSTEMPATH\CodeIgniter.php(353): CodeIgniter\CodeIgniter->handleRequest(null, Object(Config\Cache), false)
13 FCPATH\index.php(79): CodeIgniter\CodeIgniter->run()
INFO - 2023-09-16 16:42:08 --> Session: Class initialized using 'CodeIgniter\Session\Handlers\FileHandler' driver.
CRITICAL - 2023-09-16 16:42:08 --> Undefined array key "id_kas_masjid"
in APPPATH\Views\kas-sosial\v_kas_sosial_keluar.php on line 66.
 1 APPPATH\Views\kas-sosial\v_kas_sosial_keluar.php(66): CodeIgniter\Debug\Exceptions->errorHandler(2, 'Undefined array key "id_kas_masjid"', 'C:\\xampp\\htdocs\\simasjid-ci4\\app\\Views\\kas-sosial\\v_kas_sosial_keluar.php', 66)
 2 SYSTEMPATH\View\View.php(226): include('C:\\xampp\\htdocs\\simasjid-ci4\\app\\Views\\kas-sosial\\v_kas_sosial_keluar.php')
 3 SYSTEMPATH\View\View.php(229): CodeIgniter\View\View->CodeIgniter\View\{closure}()
 4 SYSTEMPATH\Common.php(1188): CodeIgniter\View\View->render('kas-sosial/v_kas_sosial_keluar', [], true)
 5 APPPATH\Views\v_template_admin.php(270): view('kas-sosial/v_kas_sosial_keluar')
 6 SYSTEMPATH\View\View.php(226): include('C:\\xampp\\htdocs\\simasjid-ci4\\app\\Views\\v_template_admin.php')
 7 SYSTEMPATH\View\View.php(229): CodeIgniter\View\View->CodeIgniter\View\{closure}()
 8 SYSTEMPATH\Common.php(1188): CodeIgniter\View\View->render('v_template_admin', [], true)
 9 APPPATH\Controllers\KasSosial.php(54): view('v_template_admin', [...])
10 SYSTEMPATH\CodeIgniter.php(919): App\Controllers\KasSosial->KasKeluar()
11 SYSTEMPATH\CodeIgniter.php(494): CodeIgniter\CodeIgniter->runController(Object(App\Controllers\KasSosial))
12 SYSTEMPATH\CodeIgniter.php(353): CodeIgniter\CodeIgniter->handleRequest(null, Object(Config\Cache), false)
13 FCPATH\index.php(79): CodeIgniter\CodeIgniter->run()
INFO - 2023-09-16 16:42:10 --> Session: Class initialized using 'CodeIgniter\Session\Handlers\FileHandler' driver.
CRITICAL - 2023-09-16 16:42:10 --> Undefined array key "id_kas_masjid"
in APPPATH\Views\kas-sosial\v_kas_sosial_keluar.php on line 66.
 1 APPPATH\Views\kas-sosial\v_kas_sosial_keluar.php(66): CodeIgniter\Debug\Exceptions->errorHandler(2, 'Undefined array key "id_kas_masjid"', 'C:\\xampp\\htdocs\\simasjid-ci4\\app\\Views\\kas-sosial\\v_kas_sosial_keluar.php', 66)
 2 SYSTEMPATH\View\View.php(226): include('C:\\xampp\\htdocs\\simasjid-ci4\\app\\Views\\kas-sosial\\v_kas_sosial_keluar.php')
 3 SYSTEMPATH\View\View.php(229): CodeIgniter\View\View->CodeIgniter\View\{closure}()
 4 SYSTEMPATH\Common.php(1188): CodeIgniter\View\View->render('kas-sosial/v_kas_sosial_keluar', [], true)
 5 APPPATH\Views\v_template_admin.php(270): view('kas-sosial/v_kas_sosial_keluar')
 6 SYSTEMPATH\View\View.php(226): include('C:\\xampp\\htdocs\\simasjid-ci4\\app\\Views\\v_template_admin.php')
 7 SYSTEMPATH\View\View.php(229): CodeIgniter\View\View->CodeIgniter\View\{closure}()
 8 SYSTEMPATH\Common.php(1188): CodeIgniter\View\View->render('v_template_admin', [], true)
 9 APPPATH\Controllers\KasSosial.php(54): view('v_template_admin', [...])
10 SYSTEMPATH\CodeIgniter.php(919): App\Controllers\KasSosial->KasKeluar()
11 SYSTEMPATH\CodeIgniter.php(494): CodeIgniter\CodeIgniter->runController(Object(App\Controllers\KasSosial))
12 SYSTEMPATH\CodeIgniter.php(353): CodeIgniter\CodeIgniter->handleRequest(null, Object(Config\Cache), false)
13 FCPATH\index.php(79): CodeIgniter\CodeIgniter->run()
INFO - 2023-09-16 16:43:00 --> Session: Class initialized using 'CodeIgniter\Session\Handlers\FileHandler' driver.
INFO - 2023-09-16 16:43:44 --> Session: Class initialized using 'CodeIgniter\Session\Handlers\FileHandler' driver.
INFO - 2023-09-16 16:43:47 --> Session: Class initialized using 'CodeIgniter\Session\Handlers\FileHandler' driver.
INFO - 2023-09-16 16:44:29 --> Session: Class initialized using 'CodeIgniter\Session\Handlers\FileHandler' driver.
INFO - 2023-09-16 16:44:34 --> Session: Class initialized using 'CodeIgniter\Session\Handlers\FileHandler' driver.
INFO - 2023-09-16 16:44:35 --> Session: Class initialized using 'CodeIgniter\Session\Handlers\FileHandler' driver.
INFO - 2023-09-16 16:44:39 --> Session: Class initialized using 'CodeIgniter\Session\Handlers\FileHandler' driver.
INFO - 2023-09-16 16:44:43 --> Session: Class initialized using 'CodeIgniter\Session\Handlers\FileHandler' driver.
INFO - 2023-09-16 16:44:43 --> Session: Class initialized using 'CodeIgniter\Session\Handlers\FileHandler' driver.
INFO - 2023-09-16 16:44:46 --> Session: Class initialized using 'CodeIgniter\Session\Handlers\FileHandler' driver.
INFO - 2023-09-16 16:44:54 --> Session: Class initialized using 'CodeIgniter\Session\Handlers\FileHandler' driver.
INFO - 2023-09-16 16:44:58 --> Session: Class initialized using 'CodeIgniter\Session\Handlers\FileHandler' driver.
INFO - 2023-09-16 16:45:03 --> Session: Class initialized using 'CodeIgniter\Session\Handlers\FileHandler' driver.
INFO - 2023-09-16 16:45:10 --> Session: Class initialized using 'CodeIgniter\Session\Handlers\FileHandler' driver.
INFO - 2023-09-16 16:45:10 --> Session: Class initialized using 'CodeIgniter\Session\Handlers\FileHandler' driver.
INFO - 2023-09-16 16:45:13 --> Session: Class initialized using 'CodeIgniter\Session\Handlers\FileHandler' driver.
INFO - 2023-09-16 16:45:54 --> Session: Class initialized using 'CodeIgniter\Session\Handlers\FileHandler' driver.
INFO - 2023-09-16 16:45:58 --> Session: Class initialized using 'CodeIgniter\Session\Handlers\FileHandler' driver.
INFO - 2023-09-16 16:45:58 --> Session: Class initialized using 'CodeIgniter\Session\Handlers\FileHandler' driver.
INFO - 2023-09-16 16:46:01 --> Session: Class initialized using 'CodeIgniter\Session\Handlers\FileHandler' driver.
INFO - 2023-09-16 16:46:32 --> Session: Class initialized using 'CodeIgniter\Session\Handlers\FileHandler' driver.
INFO - 2023-09-16 16:46:40 --> Session: Class initialized using 'CodeIgniter\Session\Handlers\FileHandler' driver.
INFO - 2023-09-16 16:47:14 --> Session: Class initialized using 'CodeIgniter\Session\Handlers\FileHandler' driver.
INFO - 2023-09-16 16:47:15 --> Session: Class initialized using 'CodeIgniter\Session\Handlers\FileHandler' driver.
INFO - 2023-09-16 16:48:29 --> Session: Class initialized using 'CodeIgniter\Session\Handlers\FileHandler' driver.
INFO - 2023-09-16 16:48:31 --> Session: Class initialized using 'CodeIgniter\Session\Handlers\FileHandler' driver.
INFO - 2023-09-16 16:48:57 --> Session: Class initialized using 'CodeIgniter\Session\Handlers\FileHandler' driver.
INFO - 2023-09-16 16:48:57 --> Session: Class initialized using 'CodeIgniter\Session\Handlers\FileHandler' driver.
INFO - 2023-09-16 16:49:00 --> Session: Class initialized using 'CodeIgniter\Session\Handlers\FileHandler' driver.
INFO - 2023-09-16 16:49:48 --> Session: Class initialized using 'CodeIgniter\Session\Handlers\FileHandler' driver.
INFO - 2023-09-16 16:49:50 --> Session: Class initialized using 'CodeIgniter\Session\Handlers\FileHandler' driver.
INFO - 2023-09-16 16:49:51 --> Session: Class initialized using 'CodeIgniter\Session\Handlers\FileHandler' driver.
INFO - 2023-09-16 16:49:55 --> Session: Class initialized using 'CodeIgniter\Session\Handlers\FileHandler' driver.
INFO - 2023-09-16 16:49:56 --> Session: Class initialized using 'CodeIgniter\Session\Handlers\FileHandler' driver.
INFO - 2023-09-16 16:49:59 --> Session: Class initialized using 'CodeIgniter\Session\Handlers\FileHandler' driver.
INFO - 2023-09-16 16:51:34 --> Session: Class initialized using 'CodeIgniter\Session\Handlers\FileHandler' driver.
INFO - 2023-09-16 16:51:45 --> Session: Class initialized using 'CodeIgniter\Session\Handlers\FileHandler' driver.
INFO - 2023-09-16 16:51:52 --> Session: Class initialized using 'CodeIgniter\Session\Handlers\FileHandler' driver.
INFO - 2023-09-16 16:52:02 --> Session: Class initialized using 'CodeIgniter\Session\Handlers\FileHandler' driver.
INFO - 2023-09-16 16:52:02 --> Session: Class initialized using 'CodeIgniter\Session\Handlers\FileHandler' driver.
INFO - 2023-09-16 16:52:05 --> Session: Class initialized using 'CodeIgniter\Session\Handlers\FileHandler' driver.
INFO - 2023-09-16 16:52:54 --> Session: Class initialized using 'CodeIgniter\Session\Handlers\FileHandler' driver.
INFO - 2023-09-16 16:52:57 --> Session: Class initialized using 'CodeIgniter\Session\Handlers\FileHandler' driver.
INFO - 2023-09-16 16:52:59 --> Session: Class initialized using 'CodeIgniter\Session\Handlers\FileHandler' driver.
INFO - 2023-09-16 16:53:00 --> Session: Class initialized using 'CodeIgniter\Session\Handlers\FileHandler' driver.
INFO - 2023-09-16 16:53:07 --> Session: Class initialized using 'CodeIgniter\Session\Handlers\FileHandler' driver.
INFO - 2023-09-16 16:53:24 --> Session: Class initialized using 'CodeIgniter\Session\Handlers\FileHandler' driver.
INFO - 2023-09-16 16:54:51 --> Session: Class initialized using 'CodeIgniter\Session\Handlers\FileHandler' driver.
INFO - 2023-09-16 16:57:25 --> Session: Class initialized using 'CodeIgniter\Session\Handlers\FileHandler' driver.
INFO - 2023-09-16 17:01:09 --> Session: Class initialized using 'CodeIgniter\Session\Handlers\FileHandler' driver.
INFO - 2023-09-16 17:19:53 --> Session: Class initialized using 'CodeIgniter\Session\Handlers\FileHandler' driver.
INFO - 2023-09-16 17:19:55 --> Session: Class initialized using 'CodeIgniter\Session\Handlers\FileHandler' driver.
WARNING - 2023-09-16 17:19:55 --> [DEPRECATED] strpos(): Passing null to parameter #1 ($haystack) of type string is deprecated in SYSTEMPATH\Debug\Toolbar.php on line 415.
 1 SYSTEMPATH\Debug\Toolbar.php(415): strpos(null, '<head>')
 2 SYSTEMPATH\Filters\DebugToolbar.php(40): CodeIgniter\Debug\Toolbar->prepare(Object(CodeIgniter\HTTP\IncomingRequest), Object(CodeIgniter\HTTP\RedirectResponse))
 3 SYSTEMPATH\Filters\Filters.php(209): CodeIgniter\Filters\DebugToolbar->after(Object(CodeIgniter\HTTP\IncomingRequest), Object(CodeIgniter\HTTP\RedirectResponse), null)
 4 SYSTEMPATH\CodeIgniter.php(514): CodeIgniter\Filters\Filters->run('Qurban/TahunQurban', 'after')
 5 SYSTEMPATH\CodeIgniter.php(353): CodeIgniter\CodeIgniter->handleRequest(null, Object(Config\Cache), false)
 6 FCPATH\index.php(79): CodeIgniter\CodeIgniter->run()
INFO - 2023-09-16 17:19:55 --> Session: Class initialized using 'CodeIgniter\Session\Handlers\FileHandler' driver.
INFO - 2023-09-16 17:19:58 --> Session: Class initialized using 'CodeIgniter\Session\Handlers\FileHandler' driver.
WARNING - 2023-09-16 17:19:58 --> [DEPRECATED] strpos(): Passing null to parameter #1 ($haystack) of type string is deprecated in SYSTEMPATH\Debug\Toolbar.php on line 415.
 1 SYSTEMPATH\Debug\Toolbar.php(415): strpos(null, '<head>')
 2 SYSTEMPATH\Filters\DebugToolbar.php(40): CodeIgniter\Debug\Toolbar->prepare(Object(CodeIgniter\HTTP\IncomingRequest), Object(CodeIgniter\HTTP\RedirectResponse))
 3 SYSTEMPATH\Filters\Filters.php(209): CodeIgniter\Filters\DebugToolbar->after(Object(CodeIgniter\HTTP\IncomingRequest), Object(CodeIgniter\HTTP\RedirectResponse), null)
 4 SYSTEMPATH\CodeIgniter.php(514): CodeIgniter\Filters\Filters->run('Qurban/TahunQurban', 'after')
 5 SYSTEMPATH\CodeIgniter.php(353): CodeIgniter\CodeIgniter->handleRequest(null, Object(Config\Cache), false)
 6 FCPATH\index.php(79): CodeIgniter\CodeIgniter->run()
INFO - 2023-09-16 17:19:59 --> Session: Class initialized using 'CodeIgniter\Session\Handlers\FileHandler' driver.
INFO - 2023-09-16 17:20:32 --> Session: Class initialized using 'CodeIgniter\Session\Handlers\FileHandler' driver.
INFO - 2023-09-16 17:20:34 --> Session: Class initialized using 'CodeIgniter\Session\Handlers\FileHandler' driver.
WARNING - 2023-09-16 17:20:34 --> [DEPRECATED] strpos(): Passing null to parameter #1 ($haystack) of type string is deprecated in SYSTEMPATH\Debug\Toolbar.php on line 415.
 1 SYSTEMPATH\Debug\Toolbar.php(415): strpos(null, '<head>')
 2 SYSTEMPATH\Filters\DebugToolbar.php(40): CodeIgniter\Debug\Toolbar->prepare(Object(CodeIgniter\HTTP\IncomingRequest), Object(CodeIgniter\HTTP\RedirectResponse))
 3 SYSTEMPATH\Filters\Filters.php(209): CodeIgniter\Filters\DebugToolbar->after(Object(CodeIgniter\HTTP\IncomingRequest), Object(CodeIgniter\HTTP\RedirectResponse), null)
 4 SYSTEMPATH\CodeIgniter.php(514): CodeIgniter\Filters\Filters->run('Qurban/TahunQurban', 'after')
 5 SYSTEMPATH\CodeIgniter.php(353): CodeIgniter\CodeIgniter->handleRequest(null, Object(Config\Cache), false)
 6 FCPATH\index.php(79): CodeIgniter\CodeIgniter->run()
INFO - 2023-09-16 17:20:34 --> Session: Class initialized using 'CodeIgniter\Session\Handlers\FileHandler' driver.
INFO - 2023-09-16 17:20:37 --> Session: Class initialized using 'CodeIgniter\Session\Handlers\FileHandler' driver.
WARNING - 2023-09-16 17:20:37 --> [DEPRECATED] strpos(): Passing null to parameter #1 ($haystack) of type string is deprecated in SYSTEMPATH\Debug\Toolbar.php on line 415.
 1 SYSTEMPATH\Debug\Toolbar.php(415): strpos(null, '<head>')
 2 SYSTEMPATH\Filters\DebugToolbar.php(40): CodeIgniter\Debug\Toolbar->prepare(Object(CodeIgniter\HTTP\IncomingRequest), Object(CodeIgniter\HTTP\RedirectResponse))
 3 SYSTEMPATH\Filters\Filters.php(209): CodeIgniter\Filters\DebugToolbar->after(Object(CodeIgniter\HTTP\IncomingRequest), Object(CodeIgniter\HTTP\RedirectResponse), null)
 4 SYSTEMPATH\CodeIgniter.php(514): CodeIgniter\Filters\Filters->run('Qurban/TahunQurban', 'after')
 5 SYSTEMPATH\CodeIgniter.php(353): CodeIgniter\CodeIgniter->handleRequest(null, Object(Config\Cache), false)
 6 FCPATH\index.php(79): CodeIgniter\CodeIgniter->run()
INFO - 2023-09-16 17:20:37 --> Session: Class initialized using 'CodeIgniter\Session\Handlers\FileHandler' driver.
INFO - 2023-09-16 17:20:41 --> Session: Class initialized using 'CodeIgniter\Session\Handlers\FileHandler' driver.
WARNING - 2023-09-16 17:20:41 --> [DEPRECATED] strpos(): Passing null to parameter #1 ($haystack) of type string is deprecated in SYSTEMPATH\Debug\Toolbar.php on line 415.
 1 SYSTEMPATH\Debug\Toolbar.php(415): strpos(null, '<head>')
 2 SYSTEMPATH\Filters\DebugToolbar.php(40): CodeIgniter\Debug\Toolbar->prepare(Object(CodeIgniter\HTTP\IncomingRequest), Object(CodeIgniter\HTTP\RedirectResponse))
 3 SYSTEMPATH\Filters\Filters.php(209): CodeIgniter\Filters\DebugToolbar->after(Object(CodeIgniter\HTTP\IncomingRequest), Object(CodeIgniter\HTTP\RedirectResponse), null)
 4 SYSTEMPATH\CodeIgniter.php(514): CodeIgniter\Filters\Filters->run('Qurban/TahunQurban', 'after')
 5 SYSTEMPATH\CodeIgniter.php(353): CodeIgniter\CodeIgniter->handleRequest(null, Object(Config\Cache), false)
 6 FCPATH\index.php(79): CodeIgniter\CodeIgniter->run()
INFO - 2023-09-16 17:20:41 --> Session: Class initialized using 'CodeIgniter\Session\Handlers\FileHandler' driver.
INFO - 2023-09-16 17:22:58 --> Session: Class initialized using 'CodeIgniter\Session\Handlers\FileHandler' driver.
INFO - 2023-09-16 17:23:01 --> Session: Class initialized using 'CodeIgniter\Session\Handlers\FileHandler' driver.
INFO - 2023-09-16 17:24:38 --> Session: Class initialized using 'CodeIgniter\Session\Handlers\FileHandler' driver.
INFO - 2023-09-16 17:24:39 --> Session: Class initialized using 'CodeIgniter\Session\Handlers\FileHandler' driver.
INFO - 2023-09-16 17:24:41 --> Session: Class initialized using 'CodeIgniter\Session\Handlers\FileHandler' driver.
INFO - 2023-09-16 17:25:24 --> Session: Class initialized using 'CodeIgniter\Session\Handlers\FileHandler' driver.
INFO - 2023-09-16 17:25:25 --> Session: Class initialized using 'CodeIgniter\Session\Handlers\FileHandler' driver.
INFO - 2023-09-16 17:25:26 --> Session: Class initialized using 'CodeIgniter\Session\Handlers\FileHandler' driver.
INFO - 2023-09-16 17:25:26 --> Session: Class initialized using 'CodeIgniter\Session\Handlers\FileHandler' driver.
INFO - 2023-09-16 17:25:28 --> Session: Class initialized using 'CodeIgniter\Session\Handlers\FileHandler' driver.
INFO - 2023-09-16 17:27:53 --> Session: Class initialized using 'CodeIgniter\Session\Handlers\FileHandler' driver.
INFO - 2023-09-16 17:27:53 --> Session: Class initialized using 'CodeIgniter\Session\Handlers\FileHandler' driver.
INFO - 2023-09-16 17:27:54 --> Session: Class initialized using 'CodeIgniter\Session\Handlers\FileHandler' driver.
INFO - 2023-09-16 17:27:54 --> Session: Class initialized using 'CodeIgniter\Session\Handlers\FileHandler' driver.
INFO - 2023-09-16 17:27:54 --> Session: Class initialized using 'CodeIgniter\Session\Handlers\FileHandler' driver.
INFO - 2023-09-16 17:27:54 --> Session: Class initialized using 'CodeIgniter\Session\Handlers\FileHandler' driver.
INFO - 2023-09-16 17:27:57 --> Session: Class initialized using 'CodeIgniter\Session\Handlers\FileHandler' driver.
INFO - 2023-09-16 17:27:58 --> Session: Class initialized using 'CodeIgniter\Session\Handlers\FileHandler' driver.
INFO - 2023-09-16 17:29:21 --> Session: Class initialized using 'CodeIgniter\Session\Handlers\FileHandler' driver.
INFO - 2023-09-16 17:29:23 --> Session: Class initialized using 'CodeIgniter\Session\Handlers\FileHandler' driver.
INFO - 2023-09-16 17:29:24 --> Session: Class initialized using 'CodeIgniter\Session\Handlers\FileHandler' driver.
INFO - 2023-09-16 17:33:14 --> Session: Class initialized using 'CodeIgniter\Session\Handlers\FileHandler' driver.
INFO - 2023-09-16 17:36:31 --> Session: Class initialized using 'CodeIgniter\Session\Handlers\FileHandler' driver.
INFO - 2023-09-16 17:37:39 --> Session: Class initialized using 'CodeIgniter\Session\Handlers\FileHandler' driver.
INFO - 2023-09-16 17:38:39 --> Session: Class initialized using 'CodeIgniter\Session\Handlers\FileHandler' driver.
INFO - 2023-09-16 17:39:34 --> Session: Class initialized using 'CodeIgniter\Session\Handlers\FileHandler' driver.
INFO - 2023-09-16 17:39:43 --> Session: Class initialized using 'CodeIgniter\Session\Handlers\FileHandler' driver.
INFO - 2023-09-16 17:42:23 --> Session: Class initialized using 'CodeIgniter\Session\Handlers\FileHandler' driver.
INFO - 2023-09-16 17:45:13 --> Session: Class initialized using 'CodeIgniter\Session\Handlers\FileHandler' driver.
INFO - 2023-09-16 17:45:24 --> Session: Class initialized using 'CodeIgniter\Session\Handlers\FileHandler' driver.
ERROR - 2023-09-16 17:45:24 --> mysqli_sql_exception: Column 'nama_kegiatan' cannot be null in C:\xampp\htdocs\simasjid-ci4\system\Database\MySQLi\Connection.php:306
Stack trace:
#0 C:\xampp\htdocs\simasjid-ci4\system\Database\MySQLi\Connection.php(306): mysqli->query('INSERT INTO `tb...', 0)
#1 C:\xampp\htdocs\simasjid-ci4\system\Database\BaseConnection.php(692): CodeIgniter\Database\MySQLi\Connection->execute('INSERT INTO `tb...')
#2 C:\xampp\htdocs\simasjid-ci4\system\Database\BaseConnection.php(606): CodeIgniter\Database\BaseConnection->simpleQuery('INSERT INTO `tb...')
#3 C:\xampp\htdocs\simasjid-ci4\system\Database\BaseBuilder.php(2308): CodeIgniter\Database\BaseConnection->query('INSERT INTO `tb...', Array, false)
#4 C:\xampp\htdocs\simasjid-ci4\app\Models\ModelAgenda.php(17): CodeIgniter\Database\BaseBuilder->insert(Array)
#5 C:\xampp\htdocs\simasjid-ci4\app\Controllers\Agenda.php(37): App\Models\ModelAgenda->InsertData(Array)
#6 C:\xampp\htdocs\simasjid-ci4\system\CodeIgniter.php(919): App\Controllers\Agenda->InsertData()
#7 C:\xampp\htdocs\simasjid-ci4\system\CodeIgniter.php(494): CodeIgniter\CodeIgniter->runController(Object(App\Controllers\Agenda))
#8 C:\xampp\htdocs\simasjid-ci4\system\CodeIgniter.php(353): CodeIgniter\CodeIgniter->handleRequest(NULL, Object(Config\Cache), false)
#9 C:\xampp\htdocs\simasjid-ci4\public\index.php(79): CodeIgniter\CodeIgniter->run()
#10 {main}
CRITICAL - 2023-09-16 17:45:24 --> Column 'nama_kegiatan' cannot be null
in SYSTEMPATH\Database\BaseConnection.php on line 646.
 1 SYSTEMPATH\Database\BaseBuilder.php(2308): CodeIgniter\Database\BaseConnection->query('INSERT INTO `tbl_agenda` (`nama_kegiatan`, `tanggal`, `jam`) VALUES (:nama_kegiatan:, :tanggal:, :jam:)', [...], false)
 2 APPPATH\Models\ModelAgenda.php(17): CodeIgniter\Database\BaseBuilder->insert([...])
 3 APPPATH\Controllers\Agenda.php(37): App\Models\ModelAgenda->InsertData([...])
 4 SYSTEMPATH\CodeIgniter.php(919): App\Controllers\Agenda->InsertData()
 5 SYSTEMPATH\CodeIgniter.php(494): CodeIgniter\CodeIgniter->runController(Object(App\Controllers\Agenda))
 6 SYSTEMPATH\CodeIgniter.php(353): CodeIgniter\CodeIgniter->handleRequest(null, Object(Config\Cache), false)
 7 FCPATH\index.php(79): CodeIgniter\CodeIgniter->run()
INFO - 2023-09-16 17:47:28 --> Session: Class initialized using 'CodeIgniter\Session\Handlers\FileHandler' driver.
INFO - 2023-09-16 17:47:37 --> Session: Class initialized using 'CodeIgniter\Session\Handlers\FileHandler' driver.
INFO - 2023-09-16 17:47:37 --> Session: Class initialized using 'CodeIgniter\Session\Handlers\FileHandler' driver.
INFO - 2023-09-16 17:51:22 --> Session: Class initialized using 'CodeIgniter\Session\Handlers\FileHandler' driver.
INFO - 2023-09-16 17:59:37 --> Session: Class initialized using 'CodeIgniter\Session\Handlers\FileHandler' driver.
INFO - 2023-09-16 18:00:34 --> Session: Class initialized using 'CodeIgniter\Session\Handlers\FileHandler' driver.
INFO - 2023-09-16 18:01:44 --> Session: Class initialized using 'CodeIgniter\Session\Handlers\FileHandler' driver.
INFO - 2023-09-16 18:03:02 --> Session: Class initialized using 'CodeIgniter\Session\Handlers\FileHandler' driver.
INFO - 2023-09-16 18:04:13 --> Session: Class initialized using 'CodeIgniter\Session\Handlers\FileHandler' driver.
INFO - 2023-09-16 18:04:28 --> Session: Class initialized using 'CodeIgniter\Session\Handlers\FileHandler' driver.
INFO - 2023-09-16 18:04:54 --> Session: Class initialized using 'CodeIgniter\Session\Handlers\FileHandler' driver.
INFO - 2023-09-16 18:04:54 --> Session: Class initialized using 'CodeIgniter\Session\Handlers\FileHandler' driver.
INFO - 2023-09-16 18:07:40 --> Session: Class initialized using 'CodeIgniter\Session\Handlers\FileHandler' driver.
INFO - 2023-09-16 18:07:45 --> Session: Class initialized using 'CodeIgniter\Session\Handlers\FileHandler' driver.
INFO - 2023-09-16 18:07:45 --> Session: Class initialized using 'CodeIgniter\Session\Handlers\FileHandler' driver.
INFO - 2023-09-16 23:35:38 --> Session: Class initialized using 'CodeIgniter\Session\Handlers\FileHandler' driver.
INFO - 2023-09-16 23:35:38 --> Session: Class initialized using 'CodeIgniter\Session\Handlers\FileHandler' driver.
INFO - 2023-09-16 23:35:40 --> Session: Class initialized using 'CodeIgniter\Session\Handlers\FileHandler' driver.
INFO - 2023-09-16 23:35:41 --> Session: Class initialized using 'CodeIgniter\Session\Handlers\FileHandler' driver.
INFO - 2023-09-16 23:47:50 --> Session: Class initialized using 'CodeIgniter\Session\Handlers\FileHandler' driver.
INFO - 2023-09-16 23:47:53 --> Session: Class initialized using 'CodeIgniter\Session\Handlers\FileHandler' driver.
CRITICAL - 2023-09-16 23:47:53 --> Undefined variable $tahun
in APPPATH\Views\qurban\v_tahun_qurban.php on line 27.
 1 APPPATH\Views\qurban\v_tahun_qurban.php(27): CodeIgniter\Debug\Exceptions->errorHandler(2, 'Undefined variable $tahun', 'C:\\xampp\\htdocs\\simasjid-ci4\\app\\Views\\qurban\\v_tahun_qurban.php', 27)
 2 SYSTEMPATH\View\View.php(226): include('C:\\xampp\\htdocs\\simasjid-ci4\\app\\Views\\qurban\\v_tahun_qurban.php')
 3 SYSTEMPATH\View\View.php(229): CodeIgniter\View\View->CodeIgniter\View\{closure}()
 4 SYSTEMPATH\Common.php(1188): CodeIgniter\View\View->render('qurban/v_tahun_qurban', [], true)
 5 APPPATH\Views\v_template_admin.php(284): view('qurban/v_tahun_qurban')
 6 SYSTEMPATH\View\View.php(226): include('C:\\xampp\\htdocs\\simasjid-ci4\\app\\Views\\v_template_admin.php')
 7 SYSTEMPATH\View\View.php(229): CodeIgniter\View\View->CodeIgniter\View\{closure}()
 8 SYSTEMPATH\Common.php(1188): CodeIgniter\View\View->render('v_template_admin', [], true)
 9 APPPATH\Controllers\PesertaQurban.php(23): view('v_template_admin', [...])
10 SYSTEMPATH\CodeIgniter.php(919): App\Controllers\PesertaQurban->index()
11 SYSTEMPATH\CodeIgniter.php(494): CodeIgniter\CodeIgniter->runController(Object(App\Controllers\PesertaQurban))
12 SYSTEMPATH\CodeIgniter.php(353): CodeIgniter\CodeIgniter->handleRequest(null, Object(Config\Cache), false)
13 FCPATH\index.php(79): CodeIgniter\CodeIgniter->run()
INFO - 2023-09-16 23:49:59 --> Session: Class initialized using 'CodeIgniter\Session\Handlers\FileHandler' driver.
INFO - 2023-09-16 23:51:07 --> Session: Class initialized using 'CodeIgniter\Session\Handlers\FileHandler' driver.
INFO - 2023-09-16 23:54:21 --> Session: Class initialized using 'CodeIgniter\Session\Handlers\FileHandler' driver.
INFO - 2023-09-16 23:54:45 --> Session: Class initialized using 'CodeIgniter\Session\Handlers\FileHandler' driver.
INFO - 2023-09-16 23:54:58 --> Session: Class initialized using 'CodeIgniter\Session\Handlers\FileHandler' driver.
INFO - 2023-09-16 23:57:55 --> Session: Class initialized using 'CodeIgniter\Session\Handlers\FileHandler' driver.
INFO - 2023-09-16 23:58:59 --> Session: Class initialized using 'CodeIgniter\Session\Handlers\FileHandler' driver.
INFO - 2023-09-16 23:59:22 --> Session: Class initialized using 'CodeIgniter\Session\Handlers\FileHandler' driver.
INFO - 2023-09-16 23:59:35 --> Session: Class initialized using 'CodeIgniter\Session\Handlers\FileHandler' driver.
INFO - 2023-09-16 23:59:37 --> Session: Class initialized using 'CodeIgniter\Session\Handlers\FileHandler' driver.
